<?xml version="1.0" encoding="UTF-8"?>
<testsuite name="Cucumber" tests="6" skipped="5" failures="0" errors="0" timestamp="2025-08-13T12:15:46.546Z" hostname="DESKTOP-IDPAKS2" time="3.725">
  <properties/>
  <testcase name="Adding a car with positive data" classname="io.cucumber.junit.platform.engine.CucumberTestEngine" time="0.001">
    <skipped/>
  </testcase>
  <testcase name="Login with correct data" classname="io.cucumber.junit.platform.engine.CucumberTestEngine" time="3.708"/>
  <testcase name="Example #1.1" classname="io.cucumber.junit.platform.engine.CucumberTestEngine" time="0.0">
    <skipped/>
  </testcase>
  <testcase name="Example #1.2" classname="io.cucumber.junit.platform.engine.CucumberTestEngine" time="0.0">
    <skipped/>
  </testcase>
  <testcase name="Example #1.3" classname="io.cucumber.junit.platform.engine.CucumberTestEngine" time="0.0">
    <skipped/>
  </testcase>
  <testcase name="Home Page title is displayed" classname="io.cucumber.junit.platform.engine.CucumberTestEngine" time="0.0">
    <skipped/>
  </testcase>
  <system-out><![CDATA[
@positive
?[1mScenario:?[22m Login with correct data                   ?[90m# classpath:features/login.feature:4?[39m
  ?[32mâœ”?[39m ?[32m?[1mGiven ?[22mUser launches Chrome Browser?[39m              ?[90m# com.ilcarro.stepDefinitions.HomePageSteps.launch_Chrome_Browser()?[39m
  ?[32mâœ”?[39m ?[32m?[1mWhen ?[22mUser opens ilcarro Home Page?[39m               ?[90m# com.ilcarro.stepDefinitions.HomePageSteps.open_Home_Page()?[39m
  ?[32mâœ”?[39m ?[32m?[1mAnd ?[22mUser clicks on Login link?[39m                   ?[90m# com.ilcarro.stepDefinitions.LoginSteps.click_on_Login_link()?[39m
  ?[32mâœ”?[39m ?[32m?[1mAnd ?[22mUser enters correct data?[39m                    ?[90m# com.ilcarro.stepDefinitions.LoginSteps.enter_correct_data()?[39m
  ?[32mâœ”?[39m ?[32m?[1mAnd ?[22mUser clicks on Yalla button?[39m                 ?[90m# com.ilcarro.stepDefinitions.LoginSteps.click_on_Yalla_button()?[39m
  ?[32mâœ”?[39m ?[32m?[1mThen ?[22mUser verifies Success message is displayed?[39m ?[90m# com.ilcarro.stepDefinitions.LoginSteps.verify_Success_message()?[39m
  ?[32mâœ”?[39m ?[32m?[1mAnd ?[22mUser closes browser?[39m                         ?[90m# com.ilcarro.stepDefinitions.LoginSteps.close_browser()?[39m
]]></system-out>
  <system-err><![CDATA[]]></system-err>
</testsuite>
